2015-10-18 14:59:10,298  WARN [Worker-14] - ScalaProject - Project helloWorld has platform default sourceLevel.
2015-10-18 14:59:10,830  WARN [Worker-14] - ScalaProject - Project helloWorld runs on platform default installation.
2015-10-18 14:59:13,483  WARN [Worker-14] - ScalaProject - Project helloWorld has platform default sourceLevel.
2015-10-18 14:59:13,483  WARN [Worker-14] - ScalaProject - Project helloWorld runs on platform default installation.
2015-10-18 15:00:47,233  WARN [main] - ScalaProject - Project helloWorld has platform default sourceLevel.
2015-10-18 15:00:47,253  WARN [main] - ScalaProject - Project helloWorld runs on platform default installation.
2015-10-18 15:00:59,034  WARN [Worker-14] - ScalaProject - Project helloWorld has platform default sourceLevel.
2015-10-18 15:00:59,061  WARN [Worker-14] - ScalaProject - Project helloWorld runs on platform default installation.
2015-10-18 15:00:59,107  WARN [Worker-14] - ScalaProject - Project helloWorld has platform default sourceLevel.
2015-10-18 15:00:59,108  WARN [Worker-14] - ScalaProject - Project helloWorld runs on platform default installation.
2015-10-18 15:01:38,195  WARN [Worker-17] - ScalaProject - Project helloWorld has platform default sourceLevel.
2015-10-18 15:01:38,215  WARN [Worker-17] - ScalaProject - Project helloWorld runs on platform default installation.
2015-10-18 15:01:38,422  WARN [Worker-17] - ScalaProject - Project helloWorld has platform default sourceLevel.
2015-10-18 15:01:38,422  WARN [Worker-17] - ScalaProject - Project helloWorld runs on platform default installation.
2015-10-18 15:01:38,453  WARN [Worker-17] - ScalaProject - Project helloWorld has platform default sourceLevel.
2015-10-18 15:01:38,453  WARN [Worker-17] - ScalaProject - Project helloWorld runs on platform default installation.
2015-10-18 15:01:46,268  WARN [main] - ScalaProject - Project helloWorld has platform default sourceLevel.
2015-10-18 15:01:46,276  WARN [main] - ScalaProject - Project helloWorld runs on platform default installation.
2015-10-18 15:01:52,685  WARN [Worker-15] - ScalaProject - Project helloWorld has platform default sourceLevel.
2015-10-18 15:01:52,686  WARN [Worker-15] - ScalaProject - Project helloWorld runs on platform default installation.
2015-10-18 15:01:52,710  WARN [Worker-15] - ScalaProject - Project helloWorld has platform default sourceLevel.
2015-10-18 15:01:52,710  WARN [Worker-15] - ScalaProject - Project helloWorld runs on platform default installation.
2015-10-18 15:01:53,359  WARN [Java indexing] - ScalaProject - Project helloWorld has platform default sourceLevel.
2015-10-18 15:01:53,360  WARN [Java indexing] - ScalaProject - Project helloWorld runs on platform default installation.
2015-10-18 15:01:59,538  WARN [Worker-15] - ScalaProject - Project helloWorld has platform default sourceLevel.
2015-10-18 15:01:59,566  WARN [Worker-15] - ScalaProject - Project helloWorld runs on platform default installation.
2015-10-18 15:02:00,612  WARN [Worker-18] - ScalaProject - Project helloWorld has platform default sourceLevel.
2015-10-18 15:02:00,613  WARN [Worker-18] - ScalaProject - Project helloWorld runs on platform default installation.
2015-10-18 15:02:00,644  WARN [Worker-18] - ScalaProject - Project helloWorld has platform default sourceLevel.
2015-10-18 15:02:00,644  WARN [Worker-18] - ScalaProject - Project helloWorld runs on platform default installation.
2015-10-18 15:02:04,221  WARN [Worker-18] - ScalaProject - Project helloWorld has platform default sourceLevel.
2015-10-18 15:02:04,224  WARN [Worker-18] - ScalaProject - Project helloWorld runs on platform default installation.
2015-10-18 15:02:22,215 ERROR [main] - org.scala-ide.sdt.core - org.scala-ide.sdt.core - org.scala-ide.sdt.core - 0 - An error occurred while trying to create a file.
org.eclipse.core.internal.resources.ResourceException: Resource '/helloWorld/src/greeter/Hello.scala' already exists.
	at org.eclipse.core.internal.resources.Resource.checkDoesNotExist(Resource.java:313)
	at org.eclipse.core.internal.resources.Resource.checkDoesNotExist(Resource.java:300)
	at org.eclipse.core.internal.resources.File.create(File.java:106)
	at org.eclipse.core.internal.resources.File.create(File.java:180)
	at org.scalaide.util.eclipse.FileUtils$$anonfun$createFile$1.apply$mcV$sp(FileUtils.scala:98)
	at org.scalaide.util.eclipse.FileUtils$$anonfun$createFile$1.apply(FileUtils.scala:89)
	at org.scalaide.util.eclipse.FileUtils$$anonfun$createFile$1.apply(FileUtils.scala:89)
	at scala.util.Try$.apply(Try.scala:192)
	at org.scalaide.util.eclipse.FileUtils$.createFile(FileUtils.scala:89)
	at org.scalaide.ui.internal.wizards.NewFileWizard$$anonfun$okPressed$1.apply(NewFileWizard.scala:284)
	at org.scalaide.ui.internal.wizards.NewFileWizard$$anonfun$okPressed$1.apply(NewFileWizard.scala:283)
	at scala.Option.foreach(Option.scala:257)
	at org.scalaide.ui.internal.wizards.NewFileWizard$class.okPressed(NewFileWizard.scala:283)
	at org.scalaide.ui.internal.wizards.NewFileWizardAdapter$$anon$1.okPressed(NewFileWizardAdapter.scala:28)
	at org.scalaide.ui.internal.wizards.NewFileWizardAdapter.performFinish(NewFileWizardAdapter.scala:55)
	at org.eclipse.jface.wizard.WizardDialog.finishPressed(WizardDialog.java:799)
	at org.eclipse.jface.wizard.WizardDialog.buttonPressed(WizardDialog.java:429)
	at org.eclipse.jface.dialogs.Dialog$2.widgetSelected(Dialog.java:619)
	at org.eclipse.swt.widgets.TypedListener.handleEvent(TypedListener.java:248)
	at org.eclipse.swt.widgets.EventTable.sendEvent(EventTable.java:84)
	at org.eclipse.swt.widgets.Display.sendEvent(Display.java:4230)
	at org.eclipse.swt.widgets.Widget.sendEvent(Widget.java:1491)
	at org.eclipse.swt.widgets.Widget.sendEvent(Widget.java:1514)
	at org.eclipse.swt.widgets.Widget.sendEvent(Widget.java:1499)
	at org.eclipse.swt.widgets.Widget.notifyListeners(Widget.java:1299)
	at org.eclipse.swt.widgets.Display.runDeferredEvents(Display.java:4072)
	at org.eclipse.swt.widgets.Display.readAndDispatch(Display.java:3698)
	at org.eclipse.ui.internal.dialogs.EventLoopProgressMonitor.runEventLoop(EventLoopProgressMonitor.java:125)
	at org.eclipse.ui.internal.dialogs.EventLoopProgressMonitor.isCanceled(EventLoopProgressMonitor.java:99)
	at org.eclipse.core.internal.jobs.ThreadJob.isCanceled(ThreadJob.java:144)
	at org.eclipse.core.internal.jobs.ThreadJob.waitForRun(ThreadJob.java:233)
	at org.eclipse.core.internal.jobs.ThreadJob.joinRun(ThreadJob.java:197)
	at org.eclipse.core.internal.jobs.ImplicitJobs.begin(ImplicitJobs.java:92)
	at org.eclipse.core.internal.jobs.JobManager.beginRule(JobManager.java:307)
	at org.eclipse.core.internal.resources.WorkManager.checkIn(WorkManager.java:120)
	at org.eclipse.core.internal.resources.Workspace.prepareOperation(Workspace.java:2189)
	at org.eclipse.core.internal.resources.File.setContents(File.java:326)
	at org.eclipse.core.internal.resources.File.setContents(File.java:426)
	at org.scalaide.ui.internal.wizards.NewFileWizard$class.openFileInSrcDir$1(NewFileWizard.scala:364)
	at org.scalaide.ui.internal.wizards.NewFileWizard$class.org$scalaide$ui$internal$wizards$NewFileWizard$$openEditor(NewFileWizard.scala:375)
	at org.scalaide.ui.internal.wizards.NewFileWizard$$anonfun$okPressed$1.apply(NewFileWizard.scala:287)
	at org.scalaide.ui.internal.wizards.NewFileWizard$$anonfun$okPressed$1.apply(NewFileWizard.scala:283)
	at scala.Option.foreach(Option.scala:257)
	at org.scalaide.ui.internal.wizards.NewFileWizard$class.okPressed(NewFileWizard.scala:283)
	at org.scalaide.ui.internal.wizards.NewFileWizardAdapter$$anon$1.okPressed(NewFileWizardAdapter.scala:28)
	at org.scalaide.ui.internal.wizards.NewFileWizardAdapter.performFinish(NewFileWizardAdapter.scala:55)
	at org.eclipse.jface.wizard.WizardDialog.finishPressed(WizardDialog.java:799)
	at org.eclipse.jface.wizard.WizardDialog.buttonPressed(WizardDialog.java:429)
	at org.eclipse.jface.dialogs.Dialog$2.widgetSelected(Dialog.java:619)
	at org.eclipse.swt.widgets.TypedListener.handleEvent(TypedListener.java:248)
	at org.eclipse.swt.widgets.EventTable.sendEvent(EventTable.java:84)
	at org.eclipse.swt.widgets.Display.sendEvent(Display.java:4230)
	at org.eclipse.swt.widgets.Widget.sendEvent(Widget.java:1491)
	at org.eclipse.swt.widgets.Widget.sendEvent(Widget.java:1514)
	at org.eclipse.swt.widgets.Widget.sendEvent(Widget.java:1499)
	at org.eclipse.swt.widgets.Widget.notifyListeners(Widget.java:1299)
	at org.eclipse.swt.widgets.Display.runDeferredEvents(Display.java:4072)
	at org.eclipse.swt.widgets.Display.readAndDispatch(Display.java:3698)
	at org.eclipse.jface.window.Window.runEventLoop(Window.java:827)
	at org.eclipse.jface.window.Window.open(Window.java:803)
	at org.eclipse.ui.internal.actions.NewWizardShortcutAction.run(NewWizardShortcutAction.java:136)
	at org.eclipse.jface.action.Action.runWithEvent(Action.java:473)
	at org.eclipse.jface.action.ActionContributionItem.handleWidgetSelection(ActionContributionItem.java:595)
	at org.eclipse.jface.action.ActionContributionItem.access$2(ActionContributionItem.java:511)
	at org.eclipse.jface.action.ActionContributionItem$5.handleEvent(ActionContributionItem.java:420)
	at org.eclipse.swt.widgets.EventTable.sendEvent(EventTable.java:84)
	at org.eclipse.swt.widgets.Display.sendEvent(Display.java:4230)
	at org.eclipse.swt.widgets.Widget.sendEvent(Widget.java:1491)
	at org.eclipse.swt.widgets.Widget.sendEvent(Widget.java:1514)
	at org.eclipse.swt.widgets.Widget.sendEvent(Widget.java:1499)
	at org.eclipse.swt.widgets.Widget.notifyListeners(Widget.java:1299)
	at org.eclipse.swt.widgets.Display.runDeferredEvents(Display.java:4072)
	at org.eclipse.swt.widgets.Display.readAndDispatch(Display.java:3698)
	at org.eclipse.e4.ui.internal.workbench.swt.PartRenderingEngine$4.run(PartRenderingEngine.java:1127)
	at org.eclipse.core.databinding.observable.Realm.runWithDefault(Realm.java:337)
	at org.eclipse.e4.ui.internal.workbench.swt.PartRenderingEngine.run(PartRenderingEngine.java:1018)
	at org.eclipse.e4.ui.internal.workbench.E4Workbench.createAndRunUI(E4Workbench.java:156)
	at org.eclipse.ui.internal.Workbench$5.run(Workbench.java:654)
	at org.eclipse.core.databinding.observable.Realm.runWithDefault(Realm.java:337)
	at org.eclipse.ui.internal.Workbench.createAndRunWorkbench(Workbench.java:598)
	at org.eclipse.ui.PlatformUI.createAndRunWorkbench(PlatformUI.java:150)
	at org.eclipse.ui.internal.ide.application.IDEApplication.start(IDEApplication.java:139)
	at org.eclipse.equinox.internal.app.EclipseAppHandle.run(EclipseAppHandle.java:196)
	at org.eclipse.core.runtime.internal.adaptor.EclipseAppLauncher.runApplication(EclipseAppLauncher.java:134)
	at org.eclipse.core.runtime.internal.adaptor.EclipseAppLauncher.start(EclipseAppLauncher.java:104)
	at org.eclipse.core.runtime.adaptor.EclipseStarter.run(EclipseStarter.java:380)
	at org.eclipse.core.runtime.adaptor.EclipseStarter.run(EclipseStarter.java:235)
	at sun.reflect.NativeMethodAccessorImpl.invoke0(Native Method)
	at sun.reflect.NativeMethodAccessorImpl.invoke(NativeMethodAccessorImpl.java:62)
	at sun.reflect.DelegatingMethodAccessorImpl.invoke(DelegatingMethodAccessorImpl.java:43)
	at java.lang.reflect.Method.invoke(Method.java:497)
	at org.eclipse.equinox.launcher.Main.invokeFramework(Main.java:669)
	at org.eclipse.equinox.launcher.Main.basicRun(Main.java:608)
	at org.eclipse.equinox.launcher.Main.run(Main.java:1515)
2015-10-18 15:05:35,930  WARN [Worker-8] - ScalaProject - Project helloWorld has platform default sourceLevel.
2015-10-18 15:05:35,952  WARN [Worker-8] - ScalaProject - Project helloWorld runs on platform default installation.
2015-10-18 15:05:36,554  WARN [Worker-8] - ScalaProject - Project helloWorld has platform default sourceLevel.
2015-10-18 15:05:36,554  WARN [Worker-8] - ScalaProject - Project helloWorld runs on platform default installation.
2015-10-18 15:05:54,332  WARN [Worker-8] - ScalaProject - Project helloWorld has platform default sourceLevel.
2015-10-18 15:05:54,341  WARN [Worker-8] - ScalaProject - Project helloWorld runs on platform default installation.
2015-10-18 15:07:02,268  WARN [Worker-18] - ScalaProject - Project helloWorld has platform default sourceLevel.
2015-10-18 15:07:02,288  WARN [Worker-18] - ScalaProject - Project helloWorld runs on platform default installation.
2015-10-18 15:07:02,453  WARN [Worker-18] - ScalaProject - Project helloWorld has platform default sourceLevel.
2015-10-18 15:07:02,454  WARN [Worker-18] - ScalaProject - Project helloWorld runs on platform default installation.
2015-10-18 15:07:02,593  WARN [Worker-18] - ScalaProject - Project helloWorld has platform default sourceLevel.
2015-10-18 15:07:02,593  WARN [Worker-18] - ScalaProject - Project helloWorld runs on platform default installation.
2015-10-18 15:07:08,903  WARN [Worker-18] - ScalaProject - Project helloWorld has platform default sourceLevel.
2015-10-18 15:07:08,921  WARN [Worker-18] - ScalaProject - Project helloWorld runs on platform default installation.
2015-10-18 15:07:08,955  WARN [Worker-18] - ScalaProject - Project helloWorld has platform default sourceLevel.
2015-10-18 15:07:08,955  WARN [Worker-18] - ScalaProject - Project helloWorld runs on platform default installation.
2015-10-18 15:07:08,977  WARN [Worker-18] - ScalaProject - Project helloWorld has platform default sourceLevel.
2015-10-18 15:07:08,977  WARN [Worker-18] - ScalaProject - Project helloWorld runs on platform default installation.
2015-10-18 15:08:35,618  WARN [Worker-21] - ScalaProject - Project helloWorld has platform default sourceLevel.
2015-10-18 15:08:35,635  WARN [Worker-21] - ScalaProject - Project helloWorld runs on platform default installation.
2015-10-18 15:08:35,811  WARN [Worker-21] - ScalaProject - Project helloWorld has platform default sourceLevel.
2015-10-18 15:08:35,811  WARN [Worker-21] - ScalaProject - Project helloWorld runs on platform default installation.
2015-10-18 15:08:35,856  WARN [Worker-21] - ScalaProject - Project helloWorld has platform default sourceLevel.
2015-10-18 15:08:35,856  WARN [Worker-21] - ScalaProject - Project helloWorld runs on platform default installation.
2015-10-18 15:08:46,486  WARN [Worker-14] - ScalaProject - Project helloWorld has platform default sourceLevel.
2015-10-18 15:08:46,486  WARN [Worker-14] - ScalaProject - Project helloWorld runs on platform default installation.
2015-10-18 15:08:46,547  WARN [Worker-14] - ScalaProject - Project helloWorld has platform default sourceLevel.
2015-10-18 15:08:46,548  WARN [Worker-14] - ScalaProject - Project helloWorld runs on platform default installation.
2015-10-18 15:08:47,378  WARN [Worker-14] - ScalaProject - Project helloWorld has platform default sourceLevel.
2015-10-18 15:08:47,378  WARN [Worker-14] - ScalaProject - Project helloWorld runs on platform default installation.
2015-10-18 15:08:51,598  WARN [Worker-19] - ScalaProject - Project helloWorld has platform default sourceLevel.
2015-10-18 15:08:51,599  WARN [Worker-19] - ScalaProject - Project helloWorld runs on platform default installation.
2015-10-18 15:08:51,628  WARN [Worker-19] - ScalaProject - Project helloWorld has platform default sourceLevel.
2015-10-18 15:08:51,628  WARN [Worker-19] - ScalaProject - Project helloWorld runs on platform default installation.
2015-10-18 15:08:51,684  WARN [Worker-19] - ScalaProject - Project helloWorld has platform default sourceLevel.
2015-10-18 15:08:51,684  WARN [Worker-19] - ScalaProject - Project helloWorld runs on platform default installation.
2015-10-18 15:09:56,161  WARN [Worker-23] - ScalaProject - Project helloWorld has platform default sourceLevel.
2015-10-18 15:09:56,172  WARN [Worker-23] - ScalaProject - Project helloWorld runs on platform default installation.
2015-10-18 15:09:56,342  WARN [Worker-23] - ScalaProject - Project helloWorld has platform default sourceLevel.
2015-10-18 15:09:56,343  WARN [Worker-23] - ScalaProject - Project helloWorld runs on platform default installation.
2015-10-18 15:09:56,428  WARN [Worker-23] - ScalaProject - Project helloWorld has platform default sourceLevel.
2015-10-18 15:09:56,428  WARN [Worker-23] - ScalaProject - Project helloWorld runs on platform default installation.
2015-10-18 15:10:00,901  WARN [Worker-23] - ScalaProject - Project helloWorld has platform default sourceLevel.
2015-10-18 15:10:00,902  WARN [Worker-23] - ScalaProject - Project helloWorld runs on platform default installation.
2015-10-18 15:10:00,962  WARN [Worker-23] - ScalaProject - Project helloWorld has platform default sourceLevel.
2015-10-18 15:10:00,962  WARN [Worker-23] - ScalaProject - Project helloWorld runs on platform default installation.
2015-10-18 15:10:00,988  WARN [Worker-23] - ScalaProject - Project helloWorld has platform default sourceLevel.
2015-10-18 15:10:00,988  WARN [Worker-23] - ScalaProject - Project helloWorld runs on platform default installation.
2015-11-26 20:39:04,609  WARN [org.eclipse.jface.text.reconciler.MonoReconciler] - ScalaProject - Project helloWorld has platform default sourceLevel.
2015-11-26 20:39:04,673  WARN [org.eclipse.jface.text.reconciler.MonoReconciler] - ScalaProject - Project helloWorld runs on platform default installation.
2015-11-26 20:39:04,829  WARN [org.eclipse.jface.text.reconciler.MonoReconciler] - ScalaProject - Project helloWorld has platform default sourceLevel.
2015-11-26 20:39:04,830  WARN [org.eclipse.jface.text.reconciler.MonoReconciler] - ScalaProject - Project helloWorld runs on platform default installation.
2015-12-03 22:49:23,944 ERROR [Thread-6] - System.err - Exception in thread "Thread-6"
2015-12-03 22:49:24,008 ERROR [Thread-6] - System.err - java.lang.NullPointerException
2015-12-03 22:49:24,009 ERROR [Thread-6] - System.err - at org.eclipse.m2e.jdt.internal.MavenClasspathContainerInitializer.initialize(MavenClasspathContainerInitializer.java:46)
2015-12-03 22:49:24,009 ERROR [Thread-6] - System.err - at org.eclipse.jdt.internal.core.JavaModelManager.initializeContainer(JavaModelManager.java:2868)
2015-12-03 22:49:24,009 ERROR [Thread-6] - System.err - at org.eclipse.jdt.internal.core.JavaModelManager.getClasspathContainer(JavaModelManager.java:1900)
2015-12-03 22:49:24,009 ERROR [Thread-6] - System.err - at org.eclipse.jdt.core.JavaCore.getClasspathContainer(JavaCore.java:3298)
2015-12-03 22:49:24,009 ERROR [Thread-6] - System.err - at org.eclipse.jdt.internal.core.JavaProject.resolveClasspath(JavaProject.java:2693)
2015-12-03 22:49:24,009 ERROR [Thread-6] - System.err - at org.eclipse.jdt.internal.core.JavaProject.resolveClasspath(JavaProject.java:2857)
2015-12-03 22:49:24,009 ERROR [Thread-6] - System.err - at org.eclipse.jdt.internal.core.JavaProject.getResolvedClasspath(JavaProject.java:1962)
2015-12-03 22:49:24,009 ERROR [Thread-6] - System.err - at org.eclipse.jdt.internal.core.JavaProject.buildStructure(JavaProject.java:464)
2015-12-03 22:49:24,009 ERROR [Thread-6] - System.err - at org.eclipse.jdt.internal.core.Openable.generateInfos(Openable.java:259)
2015-12-03 22:49:24,009 ERROR [Thread-6] - System.err - at org.eclipse.jdt.internal.core.JavaElement.openWhenClosed(JavaElement.java:579)
2015-12-03 22:49:24,009 ERROR [Thread-6] - System.err - at org.eclipse.jdt.internal.core.JavaElement.getElementInfo(JavaElement.java:316)
2015-12-03 22:49:24,010 ERROR [Thread-6] - System.err - at org.eclipse.jdt.internal.core.JavaElement.getElementInfo(JavaElement.java:302)
2015-12-03 22:49:24,010 ERROR [Thread-6] - System.err - at org.eclipse.jdt.internal.core.JavaProject.getJavaProjectElementInfo(JavaProject.java:1642)
2015-12-03 22:49:24,010 ERROR [Thread-6] - System.err - at org.eclipse.jdt.internal.core.JavaProject.newNameLookup(JavaProject.java:2329)
2015-12-03 22:49:24,010 ERROR [Thread-6] - System.err - at org.eclipse.jdt.internal.core.JavaProject.newNameLookup(JavaProject.java:2339)
2015-12-03 22:49:24,010 ERROR [Thread-6] - System.err - at org.eclipse.jdt.internal.core.JavaProject.findPackageFragment(JavaProject.java:1169)
2015-12-03 22:49:24,010 ERROR [Thread-6] - System.err - at org.eclipse.jdt.internal.core.JavaProject.findElement(JavaProject.java:1123)
2015-12-03 22:49:24,010 ERROR [Thread-6] - System.err - at org.eclipse.jdt.internal.core.JavaProject.findElement(JavaProject.java:1106)
2015-12-03 22:49:24,010 ERROR [Thread-6] - System.err - at ccw.nature.ClojureNatureAdderWorkspaceJob.isCandidateClojureProject(ClojureNatureAdderWorkspaceJob.java:71)
2015-12-03 22:49:24,010 ERROR [Thread-6] - System.err - at ccw.nature.ClojureNatureAdderWorkspaceJob.<init>(ClojureNatureAdderWorkspaceJob.java:33)
2015-12-03 22:49:24,010 ERROR [Thread-6] - System.err - at ccw.nature.ClojurePackageElementChangeListener.addClojureNature(ClojurePackageElementChangeListener.java:97)
2015-12-03 22:49:24,010 ERROR [Thread-6] - System.err - at ccw.nature.ClojurePackageElementChangeListener.performFullScan(ClojurePackageElementChangeListener.java:109)
2015-12-03 22:49:24,010 ERROR [Thread-6] - System.err - at ccw.nature.AutomaticNatureAdder.start(AutomaticNatureAdder.java:14)
2015-12-03 22:49:24,010 ERROR [Thread-6] - System.err - at ccw.CCWPlugin$2$1.run(CCWPlugin.java:327)
2015-12-03 22:49:24,010 ERROR [Thread-6] - System.err - at java.lang.Thread.run(Thread.java:745)
2015-12-06 12:07:46,866 ERROR [Thread-6] - System.err - Exception in thread "Thread-6"
2015-12-06 12:07:46,916 ERROR [Thread-6] - System.err - java.lang.NullPointerException
2015-12-06 12:07:46,916 ERROR [Thread-6] - System.err - at org.eclipse.m2e.jdt.internal.MavenClasspathContainerInitializer.getBuildPathManager(MavenClasspathContainerInitializer.java:80)
2015-12-06 12:07:46,916 ERROR [Thread-6] - System.err - at org.eclipse.m2e.jdt.internal.MavenClasspathContainerInitializer.initialize(MavenClasspathContainerInitializer.java:46)
2015-12-06 12:07:46,916 ERROR [Thread-6] - System.err - at org.eclipse.jdt.internal.core.JavaModelManager.initializeContainer(JavaModelManager.java:2868)
2015-12-06 12:07:46,917 ERROR [Thread-6] - System.err - at org.eclipse.jdt.internal.core.JavaModelManager.getClasspathContainer(JavaModelManager.java:1900)
2015-12-06 12:07:46,917 ERROR [Thread-6] - System.err - at org.eclipse.jdt.core.JavaCore.getClasspathContainer(JavaCore.java:3298)
2015-12-06 12:07:46,917 ERROR [Thread-6] - System.err - at org.eclipse.jdt.internal.core.JavaProject.resolveClasspath(JavaProject.java:2693)
2015-12-06 12:07:46,917 ERROR [Thread-6] - System.err - at org.eclipse.jdt.internal.core.JavaProject.resolveClasspath(JavaProject.java:2857)
2015-12-06 12:07:46,917 ERROR [Thread-6] - System.err - at org.eclipse.jdt.internal.core.JavaProject.getResolvedClasspath(JavaProject.java:1962)
2015-12-06 12:07:46,917 ERROR [Thread-6] - System.err - at org.eclipse.jdt.internal.core.JavaProject.buildStructure(JavaProject.java:464)
2015-12-06 12:07:46,917 ERROR [Thread-6] - System.err - at org.eclipse.jdt.internal.core.Openable.generateInfos(Openable.java:259)
2015-12-06 12:07:46,917 ERROR [Thread-6] - System.err - at org.eclipse.jdt.internal.core.JavaElement.openWhenClosed(JavaElement.java:579)
2015-12-06 12:07:46,917 ERROR [Thread-6] - System.err - at org.eclipse.jdt.internal.core.JavaElement.getElementInfo(JavaElement.java:316)
2015-12-06 12:07:46,917 ERROR [Thread-6] - System.err - at org.eclipse.jdt.internal.core.JavaElement.getElementInfo(JavaElement.java:302)
2015-12-06 12:07:46,918 ERROR [Thread-6] - System.err - at org.eclipse.jdt.internal.core.JavaProject.getJavaProjectElementInfo(JavaProject.java:1642)
2015-12-06 12:07:46,918 ERROR [Thread-6] - System.err - at org.eclipse.jdt.internal.core.JavaProject.newNameLookup(JavaProject.java:2329)
2015-12-06 12:07:46,918 ERROR [Thread-6] - System.err - at org.eclipse.jdt.internal.core.JavaProject.newNameLookup(JavaProject.java:2339)
2015-12-06 12:07:46,918 ERROR [Thread-6] - System.err - at org.eclipse.jdt.internal.core.JavaProject.findPackageFragment(JavaProject.java:1169)
2015-12-06 12:07:46,918 ERROR [Thread-6] - System.err - at org.eclipse.jdt.internal.core.JavaProject.findElement(JavaProject.java:1123)
2015-12-06 12:07:46,918 ERROR [Thread-6] - System.err - at org.eclipse.jdt.internal.core.JavaProject.findElement(JavaProject.java:1106)
2015-12-06 12:07:46,918 ERROR [Thread-6] - System.err - at ccw.nature.ClojureNatureAdderWorkspaceJob.isCandidateClojureProject(ClojureNatureAdderWorkspaceJob.java:71)
2015-12-06 12:07:46,918 ERROR [Thread-6] - System.err - at ccw.nature.ClojureNatureAdderWorkspaceJob.<init>(ClojureNatureAdderWorkspaceJob.java:33)
2015-12-06 12:07:46,918 ERROR [Thread-6] - System.err - at ccw.nature.ClojurePackageElementChangeListener.addClojureNature(ClojurePackageElementChangeListener.java:97)
2015-12-06 12:07:47,443 ERROR [Thread-6] - System.err - at ccw.nature.ClojurePackageElementChangeListener.performFullScan(ClojurePackageElementChangeListener.java:109)
2015-12-06 12:07:47,443 ERROR [Thread-6] - System.err - at ccw.nature.AutomaticNatureAdder.start(AutomaticNatureAdder.java:14)
2015-12-06 12:07:47,443 ERROR [Thread-6] - System.err - at ccw.CCWPlugin$2$1.run(CCWPlugin.java:327)
2015-12-06 12:07:47,443 ERROR [Thread-6] - System.err - at java.lang.Thread.run(Thread.java:745)
2015-12-26 12:00:16,364 ERROR [Thread-6] - System.err - Exception in thread "Thread-6"
2015-12-26 12:00:16,378 ERROR [Thread-6] - System.err - java.lang.NullPointerException
2015-12-26 12:00:16,378 ERROR [Thread-6] - System.err - at org.eclipse.m2e.jdt.internal.MavenClasspathContainerInitializer.initialize(MavenClasspathContainerInitializer.java:46)
2015-12-26 12:00:16,379 ERROR [Thread-6] - System.err - at org.eclipse.jdt.internal.core.JavaModelManager.initializeContainer(JavaModelManager.java:2868)
2015-12-26 12:00:16,379 ERROR [Thread-6] - System.err - at org.eclipse.jdt.internal.core.JavaModelManager.getClasspathContainer(JavaModelManager.java:1900)
2015-12-26 12:00:16,379 ERROR [Thread-6] - System.err - at org.eclipse.jdt.core.JavaCore.getClasspathContainer(JavaCore.java:3298)
2015-12-26 12:00:16,379 ERROR [Thread-6] - System.err - at org.eclipse.jdt.internal.core.JavaProject.resolveClasspath(JavaProject.java:2693)
2015-12-26 12:00:16,379 ERROR [Thread-6] - System.err - at org.eclipse.jdt.internal.core.JavaProject.resolveClasspath(JavaProject.java:2857)
2015-12-26 12:00:16,379 ERROR [Thread-6] - System.err - at org.eclipse.jdt.internal.core.JavaProject.getResolvedClasspath(JavaProject.java:1962)
2015-12-26 12:00:16,379 ERROR [Thread-6] - System.err - at org.eclipse.jdt.internal.core.JavaProject.buildStructure(JavaProject.java:464)
2015-12-26 12:00:16,379 ERROR [Thread-6] - System.err - at org.eclipse.jdt.internal.core.Openable.generateInfos(Openable.java:259)
2015-12-26 12:00:16,379 ERROR [Thread-6] - System.err - at org.eclipse.jdt.internal.core.JavaElement.openWhenClosed(JavaElement.java:579)
2015-12-26 12:00:16,379 ERROR [Thread-6] - System.err - at org.eclipse.jdt.internal.core.JavaElement.getElementInfo(JavaElement.java:316)
2015-12-26 12:00:16,379 ERROR [Thread-6] - System.err - at org.eclipse.jdt.internal.core.JavaElement.getElementInfo(JavaElement.java:302)
2015-12-26 12:00:16,380 ERROR [Thread-6] - System.err - at org.eclipse.jdt.internal.core.JavaProject.getJavaProjectElementInfo(JavaProject.java:1642)
2015-12-26 12:00:16,380 ERROR [Thread-6] - System.err - at org.eclipse.jdt.internal.core.JavaProject.newNameLookup(JavaProject.java:2329)
2015-12-26 12:00:16,380 ERROR [Thread-6] - System.err - at org.eclipse.jdt.internal.core.JavaProject.newNameLookup(JavaProject.java:2339)
2015-12-26 12:00:16,380 ERROR [Thread-6] - System.err - at org.eclipse.jdt.internal.core.JavaProject.findPackageFragment(JavaProject.java:1169)
2015-12-26 12:00:16,380 ERROR [Thread-6] - System.err - at org.eclipse.jdt.internal.core.JavaProject.findElement(JavaProject.java:1123)
2015-12-26 12:00:16,380 ERROR [Thread-6] - System.err - at org.eclipse.jdt.internal.core.JavaProject.findElement(JavaProject.java:1106)
2015-12-26 12:00:16,380 ERROR [Thread-6] - System.err - at ccw.nature.ClojureNatureAdderWorkspaceJob.isCandidateClojureProject(ClojureNatureAdderWorkspaceJob.java:71)
2015-12-26 12:00:16,380 ERROR [Thread-6] - System.err - at ccw.nature.ClojureNatureAdderWorkspaceJob.<init>(ClojureNatureAdderWorkspaceJob.java:33)
2015-12-26 12:00:16,380 ERROR [Thread-6] - System.err - at ccw.nature.ClojurePackageElementChangeListener.addClojureNature(ClojurePackageElementChangeListener.java:97)
2015-12-26 12:00:16,380 ERROR [Thread-6] - System.err - at ccw.nature.ClojurePackageElementChangeListener.performFullScan(ClojurePackageElementChangeListener.java:109)
2015-12-26 12:00:16,380 ERROR [Thread-6] - System.err - at ccw.nature.AutomaticNatureAdder.start(AutomaticNatureAdder.java:14)
2015-12-26 12:00:16,380 ERROR [Thread-6] - System.err - at ccw.CCWPlugin$2$1.run(CCWPlugin.java:327)
2015-12-26 12:00:16,381 ERROR [Thread-6] - System.err - at java.lang.Thread.run(Thread.java:745)
2015-12-26 12:39:25,688 ERROR [Thread-6] - System.err - Exception in thread "Thread-6"
2015-12-26 12:39:25,709 ERROR [Thread-6] - System.err - java.lang.NullPointerException
2015-12-26 12:39:25,709 ERROR [Thread-6] - System.err - at org.eclipse.m2e.jdt.internal.MavenClasspathContainerInitializer.initialize(MavenClasspathContainerInitializer.java:46)
2015-12-26 12:39:25,709 ERROR [Thread-6] - System.err - at org.eclipse.jdt.internal.core.JavaModelManager.initializeContainer(JavaModelManager.java:2868)
2015-12-26 12:39:25,709 ERROR [Thread-6] - System.err - at org.eclipse.jdt.internal.core.JavaModelManager.getClasspathContainer(JavaModelManager.java:1900)
2015-12-26 12:39:25,709 ERROR [Thread-6] - System.err - at org.eclipse.jdt.core.JavaCore.getClasspathContainer(JavaCore.java:3298)
2015-12-26 12:39:25,709 ERROR [Thread-6] - System.err - at org.eclipse.jdt.internal.core.JavaProject.resolveClasspath(JavaProject.java:2693)
2015-12-26 12:39:25,709 ERROR [Thread-6] - System.err - at org.eclipse.jdt.internal.core.JavaProject.resolveClasspath(JavaProject.java:2857)
2015-12-26 12:39:25,709 ERROR [Thread-6] - System.err - at org.eclipse.jdt.internal.core.JavaProject.getResolvedClasspath(JavaProject.java:1962)
2015-12-26 12:39:25,709 ERROR [Thread-6] - System.err - at org.eclipse.jdt.internal.core.JavaProject.buildStructure(JavaProject.java:464)
2015-12-26 12:39:25,710 ERROR [Thread-6] - System.err - at org.eclipse.jdt.internal.core.Openable.generateInfos(Openable.java:259)
2015-12-26 12:39:25,710 ERROR [Thread-6] - System.err - at org.eclipse.jdt.internal.core.JavaElement.openWhenClosed(JavaElement.java:579)
2015-12-26 12:39:25,710 ERROR [Thread-6] - System.err - at org.eclipse.jdt.internal.core.JavaElement.getElementInfo(JavaElement.java:316)
2015-12-26 12:39:25,710 ERROR [Thread-6] - System.err - at org.eclipse.jdt.internal.core.JavaElement.getElementInfo(JavaElement.java:302)
2015-12-26 12:39:25,710 ERROR [Thread-6] - System.err - at org.eclipse.jdt.internal.core.JavaProject.getJavaProjectElementInfo(JavaProject.java:1642)
2015-12-26 12:39:25,710 ERROR [Thread-6] - System.err - at org.eclipse.jdt.internal.core.JavaProject.newNameLookup(JavaProject.java:2329)
2015-12-26 12:39:25,710 ERROR [Thread-6] - System.err - at org.eclipse.jdt.internal.core.JavaProject.newNameLookup(JavaProject.java:2339)
2015-12-26 12:39:25,710 ERROR [Thread-6] - System.err - at org.eclipse.jdt.internal.core.JavaProject.findPackageFragment(JavaProject.java:1169)
2015-12-26 12:39:25,710 ERROR [Thread-6] - System.err - at org.eclipse.jdt.internal.core.JavaProject.findElement(JavaProject.java:1123)
2015-12-26 12:39:25,710 ERROR [Thread-6] - System.err - at org.eclipse.jdt.internal.core.JavaProject.findElement(JavaProject.java:1106)
2015-12-26 12:39:25,710 ERROR [Thread-6] - System.err - at ccw.nature.ClojureNatureAdderWorkspaceJob.isCandidateClojureProject(ClojureNatureAdderWorkspaceJob.java:71)
2015-12-26 12:39:25,710 ERROR [Thread-6] - System.err - at ccw.nature.ClojureNatureAdderWorkspaceJob.<init>(ClojureNatureAdderWorkspaceJob.java:33)
2015-12-26 12:39:25,711 ERROR [Thread-6] - System.err - at ccw.nature.ClojurePackageElementChangeListener.addClojureNature(ClojurePackageElementChangeListener.java:97)
2015-12-26 12:39:25,711 ERROR [Thread-6] - System.err - at ccw.nature.ClojurePackageElementChangeListener.performFullScan(ClojurePackageElementChangeListener.java:109)
2015-12-26 12:39:25,711 ERROR [Thread-6] - System.err - at ccw.nature.AutomaticNatureAdder.start(AutomaticNatureAdder.java:14)
2015-12-26 12:39:25,711 ERROR [Thread-6] - System.err - at ccw.CCWPlugin$2$1.run(CCWPlugin.java:327)
2015-12-26 12:39:25,711 ERROR [Thread-6] - System.err - at java.lang.Thread.run(Thread.java:745)
